<?xml version="1.0" encoding="UTF-8"?>
<testng-results ignored="0" total="3" passed="3" failed="0" skipped="0">
  <reporter-output>
  </reporter-output>
  <suite started-at="2022-11-08T10:58:31 IST" name="Default suite" finished-at="2022-11-08T10:58:31 IST" duration-ms="57">
    <groups>
    </groups>
    <test started-at="2022-11-08T10:58:31 IST" name="Default test" finished-at="2022-11-08T10:58:31 IST" duration-ms="57">
      <class name="com.sgtesting.product.Products">
        <test-method is-config="true" signature="setUp()[pri:0, instance:com.sgtesting.product.Products@41e1e210]" started-at="2022-11-08T10:58:31 IST" name="setUp" finished-at="2022-11-08T10:58:31 IST" duration-ms="7" status="PASS">
          <reporter-output>
          </reporter-output>
        </test-method> <!-- setUp -->
        <test-method signature="createProduct()[pri:0, instance:com.sgtesting.product.Products@41e1e210]" started-at="2022-11-08T10:58:31 IST" name="createProduct" finished-at="2022-11-08T10:58:31 IST" duration-ms="6" status="PASS">
          <reporter-output>
          </reporter-output>
        </test-method> <!-- createProduct -->
        <test-method signature="deleteProduct()[pri:0, instance:com.sgtesting.product.Products@41e1e210]" started-at="2022-11-08T10:58:31 IST" name="deleteProduct" finished-at="2022-11-08T10:58:31 IST" duration-ms="2" status="PASS">
          <reporter-output>
          </reporter-output>
        </test-method> <!-- deleteProduct -->
        <test-method signature="modifyProduct()[pri:0, instance:com.sgtesting.product.Products@41e1e210]" started-at="2022-11-08T10:58:31 IST" name="modifyProduct" finished-at="2022-11-08T10:58:31 IST" duration-ms="2" status="PASS">
          <reporter-output>
          </reporter-output>
        </test-method> <!-- modifyProduct -->
        <test-method is-config="true" signature="tearDown()[pri:0, instance:com.sgtesting.product.Products@41e1e210]" started-at="2022-11-08T10:58:31 IST" name="tearDown" finished-at="2022-11-08T10:58:31 IST" duration-ms="1" status="PASS">
          <reporter-output>
          </reporter-output>
        </test-method> <!-- tearDown -->
      </class> <!-- com.sgtesting.product.Products -->
    </test> <!-- Default test -->
  </suite> <!-- Default suite -->
</testng-results>
