<?xml version="1.0" encoding="UTF-8"?>
<!-- Generated by org.testng.reporters.JUnitXMLReporter -->
<testsuite ignored="0" hostname="DESKTOP-M4JA5PO" failures="0" tests="3" name="Default test" time="0.057" errors="0" timestamp="2022-11-08T10:58:31 IST">
  <testcase classname="com.sgtesting.product.Products" name="createProduct" time="0.006"/>
  <testcase classname="com.sgtesting.product.Products" name="deleteProduct" time="0.002"/>
  <testcase classname="com.sgtesting.product.Products" name="modifyProduct" time="0.002"/>
</testsuite> <!-- Default test -->
